[2026-04-24T09:47:44.797Z] REVIEW ERROR for job 69eaeb66cff106dbf92faa4c by user 69ea4cc9def51a3697d18945: Job validation failed: status: `pending_review` is not a valid enum value for path `status`.
ValidationError: Job validation failed: status: `pending_review` is not a valid enum value for path `status`.
    at Document.invalidate (C:\Users\MSI CYBORG\.openclaw\workspace\gshop-app\server\node_modules\mongoose\lib\document.js:3221:32)
    at C:\Users\MSI CYBORG\.openclaw\workspace\gshop-app\server\node_modules\mongoose\lib\document.js:3014:17
    at C:\Users\MSI CYBORG\.openclaw\workspace\gshop-app\server\node_modules\mongoose\lib\schematype.js:1368:9
    at process.processTicksAndRejections (node:internal/process/task_queues:85:11)

[2026-04-24T09:48:21.564Z] REVIEW ERROR for job 69eaeb66cff106dbf92faa4c by user 69ea4cc9def51a3697d18945: Job validation failed: status: `pending_review` is not a valid enum value for path `status`.
ValidationError: Job validation failed: status: `pending_review` is not a valid enum value for path `status`.
    at Document.invalidate (C:\Users\MSI CYBORG\.openclaw\workspace\gshop-app\server\node_modules\mongoose\lib\document.js:3221:32)
    at C:\Users\MSI CYBORG\.openclaw\workspace\gshop-app\server\node_modules\mongoose\lib\document.js:3014:17
    at C:\Users\MSI CYBORG\.openclaw\workspace\gshop-app\server\node_modules\mongoose\lib\schematype.js:1368:9
    at process.processTicksAndRejections (node:internal/process/task_queues:85:11)

[2026-04-24T10:50:40.256Z] REVIEW ERROR for job 69eaeb66cff106dbf92faa4c by user 69ea4cc9def51a3697d18945: Job validation failed: status: `pending_review` is not a valid enum value for path `status`.
ValidationError: Job validation failed: status: `pending_review` is not a valid enum value for path `status`.
    at Document.invalidate (C:\Users\MSI CYBORG\.openclaw\workspace\gshop-app\server\node_modules\mongoose\lib\document.js:3221:32)
    at C:\Users\MSI CYBORG\.openclaw\workspace\gshop-app\server\node_modules\mongoose\lib\document.js:3014:17
    at C:\Users\MSI CYBORG\.openclaw\workspace\gshop-app\server\node_modules\mongoose\lib\schematype.js:1368:9
    at process.processTicksAndRejections (node:internal/process/task_queues:85:11)

[2026-04-24T10:53:06.684Z] REVIEW ERROR for job 69eaa2c4646ebb62a5ef3896 by user 69ea4cc9def51a3697d18945: Job validation failed: status: `pending_review` is not a valid enum value for path `status`.
ValidationError: Job validation failed: status: `pending_review` is not a valid enum value for path `status`.
    at Document.invalidate (C:\Users\MSI CYBORG\.openclaw\workspace\gshop-app\server\node_modules\mongoose\lib\document.js:3221:32)
    at C:\Users\MSI CYBORG\.openclaw\workspace\gshop-app\server\node_modules\mongoose\lib\document.js:3014:17
    at C:\Users\MSI CYBORG\.openclaw\workspace\gshop-app\server\node_modules\mongoose\lib\schematype.js:1368:9
    at process.processTicksAndRejections (node:internal/process/task_queues:85:11)

[2026-04-24T10:59:12.270Z] REVIEW ERROR for job 69eb4b83980add42166841d6 by user 69ea4cc9def51a3697d18945: Job validation failed: status: `pending_review` is not a valid enum value for path `status`.
ValidationError: Job validation failed: status: `pending_review` is not a valid enum value for path `status`.
    at Document.invalidate (C:\Users\MSI CYBORG\.openclaw\workspace\gshop-app\server\node_modules\mongoose\lib\document.js:3221:32)
    at C:\Users\MSI CYBORG\.openclaw\workspace\gshop-app\server\node_modules\mongoose\lib\document.js:3014:17
    at C:\Users\MSI CYBORG\.openclaw\workspace\gshop-app\server\node_modules\mongoose\lib\schematype.js:1368:9
    at process.processTicksAndRejections (node:internal/process/task_queues:85:11)

