========================================
GShop Server running on port 3001
Mode: DEMO (In-Memory)
Features: Auth, Services, Transactions, Image Upload
========================================

=== REGISTERED API ROUTES ===
  POST /api\/verification\/?(?=\/|$)/i/upload
  GET /api\/verification\/?(?=\/|$)/i/status
  POST /api\/verification\/?(?=\/|$)/i/approve/:userId
  POST /api\/sms\/?(?=\/|$)/i/send
  POST /api\/sms\/?(?=\/|$)/i/verify
  POST /api\/transactions\/?(?=\/|$)/i/request
  POST /api\/transactions\/?(?=\/|$)/i/accept/:id
  POST /api\/transactions\/?(?=\/|$)/i/quote/:id
  POST /api\/transactions\/?(?=\/|$)/i/accept-quote/:id
  POST /api\/transactions\/?(?=\/|$)/i/decline-quote/:id
  POST /api\/transactions\/?(?=\/|$)/i/complete/:id
  POST /api\/transactions\/?(?=\/|$)/i/cancel/:id
  GET /api\/transactions\/?(?=\/|$)/i/my-transactions
  GET /api\/transactions\/?(?=\/|$)/i/provider/:providerId/completed
  GET /api\/services\/?(?=\/|$)/i/nearby
  GET /api\/services\/?(?=\/|$)/i/
  POST /api\/services\/?(?=\/|$)/i/create
  GET /api\/services\/?(?=\/|$)/i/my-services
  DELETE /api\/services\/?(?=\/|$)/i/:serviceId
  POST /api\/services\/?(?=\/|$)/i/pay-profile-view
  GET /api\/users\/?(?=\/|$)/i/public
  GET /api\/users\/?(?=\/|$)/i/nearby
  GET /api\/users\/?(?=\/|$)/i/me/referral
  GET /api\/users\/?(?=\/|$)/i/referrer/:code
  POST /api\/users\/?(?=\/|$)/i/save-service
  POST /api\/users\/?(?=\/|$)/i/unsave-service
  GET /api\/users\/?(?=\/|$)/i/saved-services
  GET /api\/users\/?(?=\/|$)/i/has-saved/:serviceId
  POST /api\/users\/?(?=\/|$)/i/recommend
  GET /api\/users\/?(?=\/|$)/i/contacts
  GET /api\/messages\/?(?=\/|$)/i/:transactionId
  POST /api\/messages\/?(?=\/|$)/i/:transactionId
  PUT /api\/messages\/?(?=\/|$)/i/:transactionId/read
  POST /api\/messages\/?(?=\/|$)/i/:transactionId/negotiate
  POST /api\/messages\/?(?=\/|$)/i/:transactionId/negotiate/respond
  POST /api\/reviews\/?(?=\/|$)/i/
  GET /api\/reviews\/?(?=\/|$)/i/user/:userId
  GET /api\/reviews\/?(?=\/|$)/i/me/mirror
  GET /api\/reviews\/?(?=\/|$)/i/community/users
  POST /api\/jobs\/?(?=\/|$)/i/
  GET /api\/jobs\/?(?=\/|$)/i/
  GET /api\/jobs\/?(?=\/|$)/i/my-jobs
  GET /api\/jobs\/?(?=\/|$)/i/my-applications
  GET /api\/jobs\/?(?=\/|$)/i/:id
  POST /api\/jobs\/?(?=\/|$)/i/:id/apply
  POST /api\/jobs\/?(?=\/|$)/i/:id/applications/:appId/negotiate
  POST /api\/jobs\/?(?=\/|$)/i/:id/applications/:appId/accept-offer
  POST /api\/jobs\/?(?=\/|$)/i/:id/applications/:appId/reject-offer
  POST /api\/jobs\/?(?=\/|$)/i/:id/applications/:appId/approve
  POST /api\/jobs\/?(?=\/|$)/i/:id/applications/:appId/confirm
  POST /api\/jobs\/?(?=\/|$)/i/:id/applications/:appId/decline
  POST /api\/jobs\/?(?=\/|$)/i/:id/applications/:appId/reject
  POST /api\/jobs\/?(?=\/|$)/i/:id/applications/:appId/withdraw
  POST /api\/jobs\/?(?=\/|$)/i/:id/start
  POST /api\/jobs\/?(?=\/|$)/i/:id/qr-handshake
  POST /api\/jobs\/?(?=\/|$)/i/:id/payment-handshake
  POST /api\/jobs\/?(?=\/|$)/i/:id/complete
  POST /api\/jobs\/?(?=\/|$)/i/:id/confirm-completion
  POST /api\/jobs\/?(?=\/|$)/i/:id/report-issue
  POST /api\/jobs\/?(?=\/|$)/i/:id/ping
  POST /api\/jobs\/?(?=\/|$)/i/:id/flag-late-provider
  POST /api\/jobs\/?(?=\/|$)/i/:id/cancel
  POST /api\/jobs\/?(?=\/|$)/i/:id/review
  POST /api\/jobs\/?(?=\/|$)/i/:id/upload-proof
  GET /api\/jobs\/?(?=\/|$)/i/portfolio/:userId
  GET /api\/notifications\/?(?=\/|$)/i/
  PATCH /api\/notifications\/?(?=\/|$)/i/:id/read
  PATCH /api\/notifications\/?(?=\/|$)/i/read-all
  DELETE /api\/notifications\/?(?=\/|$)/i/:id
  ACL, BIND, CHECKOUT, CONNECT, COPY, DELETE, GET, HEAD, LINK, LOCK, M-SEARCH, MERGE, MKACTIVITY, MKCALENDAR, MKCOL, MOVE, NOTIFY, OPTIONS, PATCH, POST, PROPFIND, PROPPATCH, PURGE, PUT, QUERY, REBIND, REPORT, SEARCH, SOURCE, SUBSCRIBE, TRACE, UNBIND, UNLINK, UNLOCK, UNSUBSCRIBE /api/jobs/:id/qr-test
  POST /api/register
  POST /api/login
  GET /api/profile
  POST /api/users/profile-image
  GET /api/users/:id
  PUT /api/users/status
  PUT /api/users/location
  GET /api/health
  ACL, BIND, CHECKOUT, CONNECT, COPY, DELETE, GET, HEAD, LINK, LOCK, M-SEARCH, MERGE, MKACTIVITY, MKCALENDAR, MKCOL, MOVE, NOTIFY, OPTIONS, PATCH, POST, PROPFIND, PROPPATCH, PURGE, PUT, QUERY, REBIND, REPORT, SEARCH, SOURCE, SUBSCRIBE, TRACE, UNBIND, UNLINK, UNLOCK, UNSUBSCRIBE /api/jobs-debug/:id/qr-test
  GET /api/services/public
  GET *
==============================

Connected to MongoDB
Client connected: G9fzi0J25bWXOH4FAAAB
Client connected: 1hIX-PUuh4a2IFBrAAAD
Client disconnected: 1hIX-PUuh4a2IFBrAAAD
Client connected: O9awQZCoAurNtmw-AAAF
Client disconnected: G9fzi0J25bWXOH4FAAAB
Client connected: 4fblZq0SzHpRFvhsAAAH
Client disconnected: 4fblZq0SzHpRFvhsAAAH
Client disconnected: O9awQZCoAurNtmw-AAAF
Client connected: AXP_2f8cXYXbbxmrAAAJ
User left job room job_69fce79c7da367326e9385b5
Cleared job cache for job_69fce79c7da367326e9385b5 (room empty)
Client disconnected: AXP_2f8cXYXbbxmrAAAJ
Client connected: zMHqQIacD25raWT_AAAL
Client disconnected: zMHqQIacD25raWT_AAAL
Client connected: mD-zI83YKD1E4izmAAAN
Client disconnected: mD-zI83YKD1E4izmAAAN
Client connected: bZDbZsKcr5n9pYCDAAAP
Client disconnected: bZDbZsKcr5n9pYCDAAAP
Client connected: ICQa66qMse5Ho-ayAAAR
User left job room job_69fda254d91229bbf00588b5
Cleared job cache for job_69fda254d91229bbf00588b5 (room empty)
Client disconnected: ICQa66qMse5Ho-ayAAAR
Client connected: tnrU2q3jR55g0ksPAAAU
Client connected: s5H6NQCvmlhiezRIAAAW
Client disconnected: s5H6NQCvmlhiezRIAAAW
Client connected: JzaNtRTIShaZTCt2AAAY
Client disconnected: JzaNtRTIShaZTCt2AAAY
Client connected: QsA_4-V0zC-xmEH5AAAa
User 69f329d3daac9a3be4701769 joined job room job_69f34dee28e8488710fc2c11
User left job room job_69f34dee28e8488710fc2c11
Cleared job cache for job_69f34dee28e8488710fc2c11 (room empty)
User left job room job_69fda254d91229bbf00588b5
Cleared job cache for job_69fda254d91229bbf00588b5 (room empty)
User left job room job_69fda254d91229bbf00588b5
Cleared job cache for job_69fda254d91229bbf00588b5 (room empty)
User left job room job_69fda254d91229bbf00588b5
Cleared job cache for job_69fda254d91229bbf00588b5 (room empty)
User left job room job_69fda254d91229bbf00588b5
Cleared job cache for job_69fda254d91229bbf00588b5 (room empty)
User 69f0369cbc45224cc880c2fe joined job room job_69fda254d91229bbf00588b5
Client disconnected: QsA_4-V0zC-xmEH5AAAa
Client connected: SDPAq0aDBXRavbfQAAAc
User 69f329d3daac9a3be4701769 joined job room job_69fda254d91229bbf00588b5
User 69f0369cbc45224cc880c2fe joined job room job_69fda254d91229bbf00588b5
User left job room job_69fda254d91229bbf00588b5
User left job room job_69fda254d91229bbf00588b5
Cleared job cache for job_69fda254d91229bbf00588b5 (room empty)
User 69f329d3daac9a3be4701769 joined job room job_69fda254d91229bbf00588b5
User 69f0369cbc45224cc880c2fe joined job room job_69fda254d91229bbf00588b5
User left job room job_69fda254d91229bbf00588b5
User left job room job_69fda254d91229bbf00588b5
Cleared job cache for job_69fda254d91229bbf00588b5 (room empty)
User left job room job_69fda254d91229bbf00588b5
Cleared job cache for job_69fda254d91229bbf00588b5 (room empty)
User left job room job_69fda254d91229bbf00588b5
Cleared job cache for job_69fda254d91229bbf00588b5 (room empty)
User left job room job_69fda254d91229bbf00588b5
Cleared job cache for job_69fda254d91229bbf00588b5 (room empty)
User left job room job_69fda254d91229bbf00588b5
Cleared job cache for job_69fda254d91229bbf00588b5 (room empty)
User 69f329d3daac9a3be4701769 joined job room job_69fda254d91229bbf00588b5
User left job room job_69fda254d91229bbf00588b5
Cleared job cache for job_69fda254d91229bbf00588b5 (room empty)
User 69f0369cbc45224cc880c2fe joined job room job_69fda254d91229bbf00588b5
User left job room job_69fda254d91229bbf00588b5
Cleared job cache for job_69fda254d91229bbf00588b5 (room empty)
User left job room job_69fda254d91229bbf00588b5
Cleared job cache for job_69fda254d91229bbf00588b5 (room empty)
User left job room job_69fda254d91229bbf00588b5
Cleared job cache for job_69fda254d91229bbf00588b5 (room empty)
User left job room job_69fda254d91229bbf00588b5
Cleared job cache for job_69fda254d91229bbf00588b5 (room empty)
User left job room job_69fda254d91229bbf00588b5
Cleared job cache for job_69fda254d91229bbf00588b5 (room empty)
Client disconnected: tnrU2q3jR55g0ksPAAAU
Client connected: sLyhamcRz7BrBay4AAAe
Client disconnected: sLyhamcRz7BrBay4AAAe
Client connected: pFxQsmtOdPMcsh3-AAAg
Client disconnected: pFxQsmtOdPMcsh3-AAAg
Client connected: 64DsTF3RM1HD4okyAAAi
Client disconnected: 64DsTF3RM1HD4okyAAAi
Client connected: ZuYTUZZodOPfDf6zAAAk
Client disconnected: ZuYTUZZodOPfDf6zAAAk
Client connected: xwmYLEQHvmMJypCMAAAm
User left job room job_69fdaf13d91229bbf005c9ae
Cleared job cache for job_69fdaf13d91229bbf005c9ae (room empty)
Client disconnected: SDPAq0aDBXRavbfQAAAc
Client connected: PbtKl5K2IhHs-ESTAAAo
User left job room job_69fdaf13d91229bbf005c9ae
Cleared job cache for job_69fdaf13d91229bbf005c9ae (room empty)
User left job room job_69fdaf13d91229bbf005c9ae
Cleared job cache for job_69fdaf13d91229bbf005c9ae (room empty)
Client disconnected: PbtKl5K2IhHs-ESTAAAo
Client connected: _CEkeMrXnJnNExeqAAAq
User left job room job_69fdaf13d91229bbf005c9ae
Cleared job cache for job_69fdaf13d91229bbf005c9ae (room empty)
User left job room job_69fdaf13d91229bbf005c9ae
Cleared job cache for job_69fdaf13d91229bbf005c9ae (room empty)
User 69f0369cbc45224cc880c2fe joined job room job_69fdaf13d91229bbf005c9ae
Client disconnected: _CEkeMrXnJnNExeqAAAq
Client connected: hVhMN4CDbNzsAGs_AAAs
Client disconnected: xwmYLEQHvmMJypCMAAAm
Client connected: dI5SAae1Yc5F8wSMAAAu
Client disconnected: dI5SAae1Yc5F8wSMAAAu
Client connected: di3Nty5DqQTfN81DAAAw
User left job room job_69fdaf13d91229bbf005c9ae
Cleared job cache for job_69fdaf13d91229bbf005c9ae (room empty)
Client disconnected: di3Nty5DqQTfN81DAAAw
Client connected: TQSJwalgiOqZwSB7AAAy
Client disconnected: TQSJwalgiOqZwSB7AAAy
Client connected: lKIA9itqYkqluhK_AAA0
Client disconnected: lKIA9itqYkqluhK_AAA0
Client connected: RLmkj-HukeKPIVxiAAA2
User left job room job_69fdc56dd91229bbf005f0de
Cleared job cache for job_69fdc56dd91229bbf005f0de (room empty)
User left job room job_69fdc56dd91229bbf005f0de
Cleared job cache for job_69fdc56dd91229bbf005f0de (room empty)
User left job room job_69fdc56dd91229bbf005f0de
Cleared job cache for job_69fdc56dd91229bbf005f0de (room empty)
Client disconnected: RLmkj-HukeKPIVxiAAA2
Client connected: GF2L05gqGeF48sgAAAA4
User left job room job_69fdc56dd91229bbf005f0de
Cleared job cache for job_69fdc56dd91229bbf005f0de (room empty)
Client disconnected: GF2L05gqGeF48sgAAAA4
Client connected: K__D-EjZF0ijNjtZAAA6
User left job room job_69fdc56dd91229bbf005f0de
Cleared job cache for job_69fdc56dd91229bbf005f0de (room empty)
Client disconnected: K__D-EjZF0ijNjtZAAA6
Client connected: mlFUmLzjlksOB6_8AAA8
User 69f0369cbc45224cc880c2fe joined job room job_69fdc56dd91229bbf005f0de
Client disconnected: hVhMN4CDbNzsAGs_AAAs
Client connected: a6gOhzbBBCPXtW-fAAA-
User 69f329d3daac9a3be4701769 joined job room job_69fdc56dd91229bbf005f0de
User 69f0369cbc45224cc880c2fe joined job room job_69fdc56dd91229bbf005f0de
User left job room job_69fdc56dd91229bbf005f0de
User left job room job_69fdc56dd91229bbf005f0de
Cleared job cache for job_69fdc56dd91229bbf005f0de (room empty)
User left job room job_69fdc56dd91229bbf005f0de
Cleared job cache for job_69fdc56dd91229bbf005f0de (room empty)
User left job room job_69fdc56dd91229bbf005f0de
Cleared job cache for job_69fdc56dd91229bbf005f0de (room empty)
User left job room job_69fdc56dd91229bbf005f0de
Cleared job cache for job_69fdc56dd91229bbf005f0de (room empty)
Client disconnected: mlFUmLzjlksOB6_8AAA8
[Notify] User 69f0369cbc45224cc880c2fe offline — persisted only
Client connected: Vl_i418-d3pFeMvAAABA
Client disconnected: Vl_i418-d3pFeMvAAABA
Client connected: leELV9FGiHB2nnrpAABC
User left job room job_69f34dee28e8488710fc2c11
Cleared job cache for job_69f34dee28e8488710fc2c11 (room empty)
Client disconnected: a6gOhzbBBCPXtW-fAAA-
Client connected: hknKB0Y4-RUy8E67AABE
User left job room job_69fdc56dd91229bbf005f0de
Cleared job cache for job_69fdc56dd91229bbf005f0de (room empty)
User left job room job_69fdc56dd91229bbf005f0de
Cleared job cache for job_69fdc56dd91229bbf005f0de (room empty)
User 69f329d3daac9a3be4701769 joined job room job_69f34dee28e8488710fc2c11
User left job room job_69f34dee28e8488710fc2c11
Cleared job cache for job_69f34dee28e8488710fc2c11 (room empty)
User left job room job_69f34dee28e8488710fc2c11
Cleared job cache for job_69f34dee28e8488710fc2c11 (room empty)
User left job room job_69fdc56dd91229bbf005f0de
Cleared job cache for job_69fdc56dd91229bbf005f0de (room empty)
User left job room job_69fdc56dd91229bbf005f0de
Cleared job cache for job_69fdc56dd91229bbf005f0de (room empty)
User 69f329d3daac9a3be4701769 joined job room job_69fdc56dd91229bbf005f0de
User left job room job_69fdc56dd91229bbf005f0de
Cleared job cache for job_69fdc56dd91229bbf005f0de (room empty)
User 69f0369cbc45224cc880c2fe joined job room job_69fdc56dd91229bbf005f0de
User left job room job_69fdc56dd91229bbf005f0de
Cleared job cache for job_69fdc56dd91229bbf005f0de (room empty)
User left job room job_69fdc56dd91229bbf005f0de
Cleared job cache for job_69fdc56dd91229bbf005f0de (room empty)
User left job room job_69fdc56dd91229bbf005f0de
Cleared job cache for job_69fdc56dd91229bbf005f0de (room empty)
User left job room job_69fdc56dd91229bbf005f0de
Cleared job cache for job_69fdc56dd91229bbf005f0de (room empty)
User left job room job_69fdc56dd91229bbf005f0de
Cleared job cache for job_69fdc56dd91229bbf005f0de (room empty)
Client disconnected: hknKB0Y4-RUy8E67AABE
Client connected: ecu7IwDaYiiPNRU-AABG
User left job room job_69fdc56dd91229bbf005f0de
Cleared job cache for job_69fdc56dd91229bbf005f0de (room empty)
Client disconnected: leELV9FGiHB2nnrpAABC
